<?xml version="1.0" encoding="UTF-8"?>
<!-- Generated by org.testng.reporters.JUnitReportReporter -->
<testsuite hostname="DESKTOP-6O601RH" failures="0" tests="3" name="annot.Annot" time="0.009" errors="0" timestamp="2024-03-05T12:17:47 PST" skipped="1">
  <testcase classname="annot.Annot" name="testCase3" time="0.000"/>
  <system-out/>
  <testcase classname="annot.Annot" name="testCase2" time="0.001">
    <skipped/>
  </testcase> <!-- testCase2 -->
  <system-out/>
  <testcase classname="annot.Annot" name="testCase1" time="0.008"/>
  <system-out/>
</testsuite> <!-- annot.Annot -->
