<?xml version="1.0" encoding="UTF-8"?>
<!-- Generated by org.testng.reporters.JUnitReportReporter -->
<testsuite hostname="DESKTOP-6O601RH" failures="0" tests="1" name="annot.HardAssetEx" time="0.003" errors="0" timestamp="2024-03-05T12:17:47 PST" skipped="0">
  <testcase classname="annot.HardAssetEx" name="testCase1" time="0.003"/>
  <system-out/>
</testsuite> <!-- annot.HardAssetEx -->
